<?xml version="1.0" encoding="UTF-8"?>
<!-- Generated by org.testng.reporters.JUnitXMLReporter -->
<testsuite ignored="0" hostname="DESKTOP-I0IJGIS" failures="0" tests="6" name="classes1" time="83.211" errors="0" timestamp="07 Oct 2022 11:20:50 GMT">
  <testcase classname="folder_2.Class_3" name="Test3" time="64.487"/>
  <testcase classname="folder_1.Class_2" name="Test2" time="64.565"/>
  <testcase classname="folder_1.Class_1" name="Test1" time="70.008"/>
  <testcase classname="folder_2.Class_4" name="Test4" time="70.244"/>
  <testcase classname="folder_3.Class_5" name="Test5" time="83.051"/>
  <testcase classname="folder_3.Class_6" name="Test6" time="18.597"/>
</testsuite> <!-- classes1 -->
