<?xml version="1.0" encoding="UTF-8"?>
<!-- Generated by org.testng.reporters.JUnitXMLReporter -->
<testsuite ignored="2" hostname="DESKTOP-I0IJGIS" failures="0" tests="2" name="Test2" time="164.825" errors="0" timestamp="07 Oct 2022 09:06:23 GMT">
  <testcase classname="folder_1.Class_1" name="Test1" time="24.187"/>
  <testcase classname="folder_2.Class_3" name="Test1" time="22.707"/>
  <testcase classname="demo.TestngMultiBrowserDemo" name="@AfterTest logout" time="0.0">
    <ignored/>
  </testcase> <!-- @AfterTest logout -->
  <testcase classname="demo.TestngMultiBrowserDemo" name="@BeforeTest setup" time="0.0">
    <ignored/>
  </testcase> <!-- @BeforeTest setup -->
</testsuite> <!-- Test2 -->
